<?xml version="1.0" encoding="UTF-8"?>
<!-- Generated by org.testng.reporters.JUnitReportReporter -->
<testsuite skipped="0" hostname="BDC11-L-6PQ0NF2" name="practise.AppiumFramework.ecommerce_TC_2" tests="1" failures="0" timestamp="2019-09-10T16:36:34 IST" time="54.932" errors="0">
  <testcase name="ProductPresentValidation" time="54.932" classname="practise.AppiumFramework.ecommerce_TC_2"/>
</testsuite> <!-- practise.AppiumFramework.ecommerce_TC_2 -->
